<?xml version="1.0" encoding="UTF-8"?>
<!-- Generated by org.testng.reporters.JUnitReportReporter -->
<testsuite hostname="Chittaranjan-Ideapad" failures="0" tests="1" name="com.mystore.testcases.AddToCartPageTest" time="60.691" errors="0" timestamp="2022-09-24T20:59:38 IST" skipped="0">
  <testcase classname="com.mystore.testcases.AddToCartPageTest" name="addToCartTest" time="60.691"/>
  <system-out/>
</testsuite> <!-- com.mystore.testcases.AddToCartPageTest -->
