<?xml version="1.0" encoding="UTF-8"?>
<!-- Generated by org.testng.reporters.JUnitReportReporter -->
<testsuite hostname="Chittaranjan-Ideapad" failures="0" tests="2" name="com.mystore.testcases.HomePageTest" time="107.284" errors="0" timestamp="2022-09-22T22:51:38 IST" skipped="0">
  <testcase classname="com.mystore.testcases.HomePageTest" name="wishListTest" time="62.519"/>
  <system-out/>
  <testcase classname="com.mystore.testcases.HomePageTest" name="orderHistoryAndDetailsTest" time="44.765"/>
  <system-out/>
</testsuite> <!-- com.mystore.testcases.HomePageTest -->
