<?xml version="1.0" encoding="UTF-8"?>
<!-- Generated by org.testng.reporters.JUnitReportReporter -->
<testsuite hostname="Chittaranjan-Ideapad" failures="0" tests="1" name="com.mystore.testcases.OrderPageTest" time="51.820" errors="0" timestamp="2022-09-24T20:59:38 IST" skipped="0">
  <testcase classname="com.mystore.testcases.OrderPageTest" name="verifyTotalPriceTest" time="51.820"/>
  <system-out/>
</testsuite> <!-- com.mystore.testcases.OrderPageTest -->
