<?xml version="1.0" encoding="UTF-8"?>
<!-- Generated by org.testng.reporters.JUnitReportReporter -->
<testsuite hostname="Chittaranjan-Ideapad" failures="0" tests="2" name="com.mystore.testcases.IndexPageTest" time="38.915" errors="0" timestamp="2022-09-24T20:59:38 IST" skipped="0">
  <testcase classname="com.mystore.testcases.IndexPageTest" name="myStroreTitleTest" time="18.390"/>
  <system-out/>
  <testcase classname="com.mystore.testcases.IndexPageTest" name="myStroreLogoTest" time="20.525"/>
  <system-out/>
</testsuite> <!-- com.mystore.testcases.IndexPageTest -->
