<?xml version="1.0" encoding="UTF-8"?>
<!-- Generated by org.testng.reporters.JUnitReportReporter -->
<testsuite hostname="Chittaranjan-Ideapad" failures="0" tests="1" name="com.mystore.testcases.SearchResultPageTest" time="35.863" errors="0" timestamp="2022-09-22T22:51:38 IST" skipped="0">
  <testcase classname="com.mystore.testcases.SearchResultPageTest" name="productAvailabilityTest" time="35.863"/>
  <system-out/>
</testsuite> <!-- com.mystore.testcases.SearchResultPageTest -->
