<?xml version="1.0" encoding="UTF-8"?>
<!-- Generated by org.testng.reporters.JUnitReportReporter -->
<testsuite hostname="Chittaranjan-Ideapad" failures="0" tests="1" name="com.mystore.testcases.AddToCartPageTest" time="59.522" errors="0" timestamp="2022-09-22T22:51:38 IST" skipped="0">
  <testcase classname="com.mystore.testcases.AddToCartPageTest" name="addToCartTest" time="59.522"/>
  <system-out/>
</testsuite> <!-- com.mystore.testcases.AddToCartPageTest -->
